<?xml version="1.0" encoding="UTF-8"?>
<!-- Generated by org.testng.reporters.JUnitReportReporter -->
<testsuite hostname="LOG-BOM-145" failures="0" tests="9" name="Com.Enabill.Tests.EnabillloginTest" time="7.200" errors="0" timestamp="2024-05-18T17:57:48 IST" skipped="0">
  <testcase classname="Com.Enabill.Tests.EnabillloginTest" name="TestCaes1" time="0.884"/>
  <system-out/>
  <testcase classname="Com.Enabill.Tests.EnabillloginTest" name="TestCaes2" time="0.389"/>
  <system-out/>
  <testcase classname="Com.Enabill.Tests.EnabillloginTest" name="TestCaes3" time="0.336"/>
  <system-out/>
  <testcase classname="Com.Enabill.Tests.EnabillloginTest" name="TestCaes4" time="0.685"/>
  <system-out/>
  <testcase classname="Com.Enabill.Tests.EnabillloginTest" name="TestCaes5" time="0.341"/>
  <system-out/>
  <testcase classname="Com.Enabill.Tests.EnabillloginTest" name="TestCaes6" time="0.820"/>
  <system-out/>
  <testcase classname="Com.Enabill.Tests.EnabillloginTest" name="TestCaes7" time="2.002"/>
  <system-out/>
  <testcase classname="Com.Enabill.Tests.EnabillloginTest" name="TestCaes7" time="0.811"/>
  <system-out/>
  <testcase classname="Com.Enabill.Tests.EnabillloginTest" name="TestCaes7" time="0.932"/>
  <system-out/>
</testsuite> <!-- Com.Enabill.Tests.EnabillloginTest -->
