<?xml version="1.0" encoding="UTF-8"?>
<!-- Generated by org.testng.reporters.JUnitReportReporter -->
<testsuite hostname="LOG-BOM-145" failures="0" tests="3" name="Com.Enabill.Tests.customertest" time="7.699" errors="0" timestamp="2024-06-30T23:16:10 IST" skipped="0">
  <testcase classname="Com.Enabill.Tests.customertest" name="TestCaes1" time="2.425"/>
  <system-out/>
  <testcase classname="Com.Enabill.Tests.customertest" name="TestCaes2" time="3.380"/>
  <system-out/>
  <testcase classname="Com.Enabill.Tests.customertest" name="TestCaes3" time="1.894"/>
  <system-out/>
</testsuite> <!-- Com.Enabill.Tests.customertest -->
