<?xml version="1.0" encoding="UTF-8"?>
<!-- Generated by org.testng.reporters.JUnitReportReporter -->
<testsuite hostname="LOG-BOM-145" failures="0" tests="3" name="Com.Enabill.Tests.GETAPI" time="2.792" errors="0" timestamp="2024-06-30T23:16:10 IST" skipped="0">
  <testcase classname="Com.Enabill.Tests.GETAPI" name="TC01_ListUsers" time="1.847"/>
  <system-out/>
  <testcase classname="Com.Enabill.Tests.GETAPI" name="assured2" time="0.755"/>
  <system-out/>
  <testcase classname="Com.Enabill.Tests.GETAPI" name="assured3" time="0.190"/>
  <system-out/>
</testsuite> <!-- Com.Enabill.Tests.GETAPI -->
