<?xml version="1.0" encoding="UTF-8"?>
<!-- Generated by org.testng.reporters.JUnitReportReporter -->
<testsuite hostname="LOG-BOM-145" failures="0" tests="5" name="Com.Enabill.Tests.getAPITest" time="3.670" errors="1" timestamp="2024-03-10T14:25:57 IST" skipped="4">
  <testcase classname="Com.Enabill.Tests.getAPITest" name="TC01_API_ListUsers" time="0.000">
    <skipped/>
  </testcase> <!-- TC01_API_ListUsers -->
  <system-out/>
  <testcase classname="Com.Enabill.Tests.getAPITest" name="TC04_API_CreateUserWithFile" time="0.000">
    <skipped/>
  </testcase> <!-- TC04_API_CreateUserWithFile -->
  <system-out/>
  <testcase classname="Com.Enabill.Tests.getAPITest" name="TC04_API_CreateUserWithFileXML" time="0.000">
    <skipped/>
  </testcase> <!-- TC04_API_CreateUserWithFileXML -->
  <system-out/>
  <testcase classname="Com.Enabill.Tests.getAPITest" name="TC03_API_CreateUserWithMap" time="0.000">
    <skipped/>
  </testcase> <!-- TC03_API_CreateUserWithMap -->
  <system-out/>
  <testcase classname="Com.Enabill.Tests.getAPITest" name="init" time="3.670">
    <error message="Cannot invoke &quot;org.apache.poi.xssf.usermodel.XSSFWorkbook.getSheetIndex(String)&quot; because &quot;this.workbook&quot; is null" type="java.lang.NullPointerException">
      <![CDATA[java.lang.NullPointerException: Cannot invoke "org.apache.poi.xssf.usermodel.XSSFWorkbook.getSheetIndex(String)" because "this.workbook" is null
at Com.common.Methods.Xls_Reader.getRowCount(Xls_Reader.java:49)
at Com.Enabill.Tests.basetest.ReadExcelData(basetest.java:127)
at Com.Enabill.Tests.basetest.init(basetest.java:59)
at java.base/jdk.internal.reflect.DirectMethodHandleAccessor.invoke(DirectMethodHandleAccessor.java:103)
at java.base/java.lang.reflect.Method.invoke(Method.java:580)
at org.testng.internal.MethodInvocationHelper.invokeMethod(MethodInvocationHelper.java:133)
at org.testng.internal.MethodInvocationHelper.invokeMethodConsideringTimeout(MethodInvocationHelper.java:62)
at org.testng.internal.ConfigInvoker.invokeConfigurationMethod(ConfigInvoker.java:385)
at org.testng.internal.ConfigInvoker.invokeConfigurations(ConfigInvoker.java:321)
at org.testng.SuiteRunner.privateRun(SuiteRunner.java:317)
at org.testng.SuiteRunner.run(SuiteRunner.java:276)
at org.testng.SuiteRunnerWorker.runSuite(SuiteRunnerWorker.java:53)
at org.testng.SuiteRunnerWorker.run(SuiteRunnerWorker.java:96)
at org.testng.TestNG.runSuitesSequentially(TestNG.java:1212)
at org.testng.TestNG.runSuitesLocally(TestNG.java:1134)
at org.testng.TestNG.runSuites(TestNG.java:1063)
at org.testng.TestNG.run(TestNG.java:1031)
at org.testng.remote.AbstractRemoteTestNG.run(AbstractRemoteTestNG.java:115)
at org.testng.remote.RemoteTestNG.initAndRun(RemoteTestNG.java:251)
at org.testng.remote.RemoteTestNG.main(RemoteTestNG.java:77)
]]>
    </error>
  </testcase> <!-- init -->
  <system-out/>
</testsuite> <!-- Com.Enabill.Tests.getAPITest -->
