<?xml version="1.0" encoding="UTF-8"?>
<!-- Generated by org.testng.reporters.JUnitReportReporter -->
<testsuite hostname="LOG-BOM-145" failures="0" tests="6" name="Com.Enabill.Tests.EnabillloginTest" time="18.012" errors="0" timestamp="2024-02-11T20:35:49 IST" skipped="0">
  <testcase classname="Com.Enabill.Tests.EnabillloginTest" name="TestCaes1" time="1.091"/>
  <system-out/>
  <testcase classname="Com.Enabill.Tests.EnabillloginTest" name="TestCaes2" time="0.449"/>
  <system-out/>
  <testcase classname="Com.Enabill.Tests.EnabillloginTest" name="TestCaes3" time="15.213"/>
  <system-out/>
  <testcase classname="Com.Enabill.Tests.EnabillloginTest" name="TestCaes4" time="0.655"/>
  <system-out/>
  <testcase classname="Com.Enabill.Tests.EnabillloginTest" name="TestCaes5" time="0.298"/>
  <system-out/>
  <testcase classname="Com.Enabill.Tests.EnabillloginTest" name="TestCaes6" time="0.306"/>
  <system-out/>
</testsuite> <!-- Com.Enabill.Tests.EnabillloginTest -->
